<?xml version="1.0" encoding="UTF-8"?>
<!-- Generated by org.testng.reporters.JUnitReportReporter -->
<testsuite hostname="LAPTOP-BF77NH8J" failures="0" tests="1" name="cucumber.e2e.AppTest" time="0.017" errors="0" timestamp="2022-08-30T21:54:01 CEST" skipped="0">
  <testcase classname="cucumber.e2e.AppTest" name="shouldAnswerWithTrue" time="0.017"/>
  <system-out/>
</testsuite> <!-- cucumber.e2e.AppTest -->
