<?xml version="1.0" encoding="UTF-8"?>
<!-- Generated by org.testng.reporters.JUnitReportReporter -->
<testsuite hostname="LAPTOP-BF77NH8J" failures="0" tests="1" name="cucumberOptions.testNgTestRunner" time="8.615" errors="0" timestamp="2022-08-30T21:29:17 CEST" skipped="0">
  <testcase classname="cucumberOptions.testNgTestRunner" name="runScenario" time="8.615"/>
  <system-out/>
</testsuite> <!-- cucumberOptions.testNgTestRunner -->
